<?xml version="1.0" encoding="UTF-8"?>
<!-- Generated by org.testng.reporters.JUnitReportReporter -->
<testsuite hostname="bb-system-3161" failures="0" tests="4" name="Testrunner.TestNgRunner" time="38.244" errors="0" timestamp="2023-05-01T22:44:17 IST" skipped="0">
  <testcase classname="Testrunner.TestNgRunner" name="runScenario" time="5.923"/>
  <system-out/>
  <testcase classname="Testrunner.TestNgRunner" name="runScenario" time="13.771"/>
  <system-out/>
  <testcase classname="Testrunner.TestNgRunner" name="runScenario" time="2.687"/>
  <system-out/>
  <testcase classname="Testrunner.TestNgRunner" name="runScenario" time="15.863"/>
  <system-out/>
</testsuite> <!-- Testrunner.TestNgRunner -->
