<?xml version="1.0" encoding="UTF-8"?>
<!-- Generated by org.testng.reporters.JUnitReportReporter -->
<testsuite hostname="bb-system-3161" failures="0" tests="4" name="Testrunner.TestNgRunner" time="40.068" errors="0" timestamp="2023-05-01T23:13:48 IST" skipped="0">
  <testcase classname="Testrunner.TestNgRunner" name="runScenario" time="9.093"/>
  <system-out/>
  <testcase classname="Testrunner.TestNgRunner" name="runScenario" time="13.261"/>
  <system-out/>
  <testcase classname="Testrunner.TestNgRunner" name="runScenario" time="9.862"/>
  <system-out/>
  <testcase classname="Testrunner.TestNgRunner" name="runScenario" time="7.852"/>
  <system-out/>
</testsuite> <!-- Testrunner.TestNgRunner -->
